This file contains any messages produced by compilers while
running configure, to aid debugging if configure makes a mistake.

It was created by configure, which was
generated by GNU Autoconf 2.59.  Invocation command line was

  $ ./configure 

## --------- ##
## Platform. ##
## --------- ##

hostname = ubuntu
uname -m = i686
uname -r = 3.2.0-29-generic-pae
uname -s = Linux
uname -v = #46-Ubuntu SMP Fri Jul 27 17:25:43 UTC 2012

/usr/bin/uname -p = unknown
/bin/uname -X     = unknown

/bin/arch              = unknown
/usr/bin/arch -k       = unknown
/usr/convex/getsysinfo = unknown
hostinfo               = unknown
/bin/machine           = unknown
/usr/bin/oslevel       = unknown
/bin/universe          = unknown

PATH: /usr/lib/lightdm/lightdm
PATH: /usr/local/sbin
PATH: /usr/local/bin
PATH: /usr/sbin
PATH: /usr/bin
PATH: /sbin
PATH: /bin
PATH: /usr/games


## ----------- ##
## Core tests. ##
## ----------- ##

configure:1532: checking build system type
configure:1550: result: i686-pc-linux-gnu
configure:1558: checking host system type
configure:1572: result: i686-pc-linux-gnu
configure:1580: checking target system type
configure:1594: result: i686-pc-linux-gnu
configure:1644: checking for a BSD-compatible install
configure:1699: result: /usr/bin/install -c
configure:1710: checking whether build environment is sane
configure:1753: result: yes
configure:1777: WARNING: `missing' script is too old or missing
configure:1818: checking for gawk
configure:1847: result: no
configure:1818: checking for mawk
configure:1834: found /usr/bin/mawk
configure:1844: result: mawk
configure:1854: checking whether make sets $(MAKE)
configure:1874: result: yes
configure:2134: checking for style of include used by make
configure:2162: result: GNU
configure:2233: checking for gcc
configure:2249: found /usr/bin/gcc
configure:2259: result: gcc
configure:2503: checking for C compiler version
configure:2506: gcc --version </dev/null >&5
gcc (Ubuntu/Linaro 4.6.3-1ubuntu5) 4.6.3
Copyright (C) 2011 Free Software Foundation, Inc.
This is free software; see the source for copying conditions.  There is NO
warranty; not even for MERCHANTABILITY or FITNESS FOR A PARTICULAR PURPOSE.

configure:2509: $? = 0
configure:2511: gcc -v </dev/null >&5
Using built-in specs.
COLLECT_GCC=gcc
COLLECT_LTO_WRAPPER=/usr/lib/gcc/i686-linux-gnu/4.6/lto-wrapper
Target: i686-linux-gnu
Configured with: ../src/configure -v --with-pkgversion='Ubuntu/Linaro 4.6.3-1ubuntu5' --with-bugurl=file:///usr/share/doc/gcc-4.6/README.Bugs --enable-languages=c,c++,fortran,objc,obj-c++ --prefix=/usr --program-suffix=-4.6 --enable-shared --enable-linker-build-id --with-system-zlib --libexecdir=/usr/lib --without-included-gettext --enable-threads=posix --with-gxx-include-dir=/usr/include/c++/4.6 --libdir=/usr/lib --enable-nls --with-sysroot=/ --enable-clocale=gnu --enable-libstdcxx-debug --enable-libstdcxx-time=yes --enable-gnu-unique-object --enable-plugin --enable-objc-gc --enable-targets=all --disable-werror --with-arch-32=i686 --with-tune=generic --enable-checking=release --build=i686-linux-gnu --host=i686-linux-gnu --target=i686-linux-gnu
Thread model: posix
gcc version 4.6.3 (Ubuntu/Linaro 4.6.3-1ubuntu5) 
configure:2514: $? = 0
configure:2516: gcc -V </dev/null >&5
gcc: error: unrecognized option '-V'
gcc: fatal error: no input files
compilation terminated.
configure:2519: $? = 4
configure:2542: checking for C compiler default output file name
configure:2545: gcc    conftest.c  >&5
configure:2548: $? = 0
configure:2594: result: a.out
configure:2599: checking whether the C compiler works
configure:2605: ./a.out
configure:2608: $? = 0
configure:2625: result: yes
configure:2632: checking whether we are cross compiling
configure:2634: result: no
configure:2637: checking for suffix of executables
configure:2639: gcc -o conftest    conftest.c  >&5
configure:2642: $? = 0
configure:2667: result: 
configure:2673: checking for suffix of object files
configure:2694: gcc -c   conftest.c >&5
configure:2697: $? = 0
configure:2719: result: o
configure:2723: checking whether we are using the GNU C compiler
configure:2747: gcc -c   conftest.c >&5
configure:2753: $? = 0
configure:2757: test -z 
			 || test ! -s conftest.err
configure:2760: $? = 0
configure:2763: test -s conftest.o
configure:2766: $? = 0
configure:2779: result: yes
configure:2785: checking whether gcc accepts -g
configure:2806: gcc -c -g  conftest.c >&5
configure:2812: $? = 0
configure:2816: test -z 
			 || test ! -s conftest.err
configure:2819: $? = 0
configure:2822: test -s conftest.o
configure:2825: $? = 0
configure:2836: result: yes
configure:2853: checking for gcc option to accept ANSI C
configure:2923: gcc  -c -g -O2  conftest.c >&5
configure:2929: $? = 0
configure:2933: test -z 
			 || test ! -s conftest.err
configure:2936: $? = 0
configure:2939: test -s conftest.o
configure:2942: $? = 0
configure:2960: result: none needed
configure:2978: gcc -c -g -O2  conftest.c >&5
conftest.c:2:3: error: unknown type name 'choke'
conftest.c:2:3: error: expected '=', ',', ';', 'asm' or '__attribute__' at end of input
configure:2984: $? = 1
configure: failed program was:
| #ifndef __cplusplus
|   choke me
| #endif
configure:3119: checking dependency style of gcc
configure:3209: result: gcc3
configure:3226: checking for a sed that does not truncate output
configure:3280: result: /bin/sed
configure:3283: checking for egrep
configure:3293: result: grep -E
configure:3309: checking for ld used by gcc
configure:3376: result: /usr/bin/ld
configure:3385: checking if the linker (/usr/bin/ld) is GNU ld
configure:3400: result: yes
configure:3405: checking for /usr/bin/ld option to reload object files
configure:3412: result: -r
configure:3430: checking for BSD-compatible nm
configure:3472: result: /usr/bin/nm -B
configure:3476: checking whether ln -s works
configure:3480: result: yes
configure:3487: checking how to recognise dependent libraries
configure:3659: result: pass_all
configure:3873: checking how to run the C preprocessor
configure:3908: gcc -E  conftest.c
configure:3914: $? = 0
configure:3946: gcc -E  conftest.c
conftest.c:16:28: fatal error: ac_nonexistent.h: No such file or directory
compilation terminated.
configure:3952: $? = 1
configure: failed program was:
| /* confdefs.h.  */
| 
| #define PACKAGE_NAME ""
| #define PACKAGE_TARNAME ""
| #define PACKAGE_VERSION ""
| #define PACKAGE_STRING ""
| #define PACKAGE_BUGREPORT ""
| #define SYSTEM_TYPE "i686-pc-linux-gnu"
| #define CPU_TYPE "I686"
| #define OS_TYPE_VERSION "LINUX-GNU"
| #define MANUFACTURER "PC"
| #define OS_TYPE "LINUX-GNU"
| #define PACKAGE "cim"
| #define VERSION "3.37"
| /* end confdefs.h.  */
| #include <ac_nonexistent.h>
configure:3991: result: gcc -E
configure:4015: gcc -E  conftest.c
configure:4021: $? = 0
configure:4053: gcc -E  conftest.c
conftest.c:16:28: fatal error: ac_nonexistent.h: No such file or directory
compilation terminated.
configure:4059: $? = 1
configure: failed program was:
| /* confdefs.h.  */
| 
| #define PACKAGE_NAME ""
| #define PACKAGE_TARNAME ""
| #define PACKAGE_VERSION ""
| #define PACKAGE_STRING ""
| #define PACKAGE_BUGREPORT ""
| #define SYSTEM_TYPE "i686-pc-linux-gnu"
| #define CPU_TYPE "I686"
| #define OS_TYPE_VERSION "LINUX-GNU"
| #define MANUFACTURER "PC"
| #define OS_TYPE "LINUX-GNU"
| #define PACKAGE "cim"
| #define VERSION "3.37"
| /* end confdefs.h.  */
| #include <ac_nonexistent.h>
configure:4103: checking for ANSI C header files
configure:4128: gcc -c -g -O2  conftest.c >&5
configure:4134: $? = 0
configure:4138: test -z 
			 || test ! -s conftest.err
configure:4141: $? = 0
configure:4144: test -s conftest.o
configure:4147: $? = 0
configure:4236: gcc -o conftest -g -O2   conftest.c  >&5
conftest.c: In function 'main':
conftest.c:33:7: warning: incompatible implicit declaration of built-in function 'exit' [enabled by default]
configure:4239: $? = 0
configure:4241: ./conftest
configure:4244: $? = 0
configure:4259: result: yes
configure:4283: checking for sys/types.h
configure:4299: gcc -c -g -O2  conftest.c >&5
configure:4305: $? = 0
configure:4309: test -z 
			 || test ! -s conftest.err
configure:4312: $? = 0
configure:4315: test -s conftest.o
configure:4318: $? = 0
configure:4329: result: yes
configure:4283: checking for sys/stat.h
configure:4299: gcc -c -g -O2  conftest.c >&5
configure:4305: $? = 0
configure:4309: test -z 
			 || test ! -s conftest.err
configure:4312: $? = 0
configure:4315: test -s conftest.o
configure:4318: $? = 0
configure:4329: result: yes
configure:4283: checking for stdlib.h
configure:4299: gcc -c -g -O2  conftest.c >&5
configure:4305: $? = 0
configure:4309: test -z 
			 || test ! -s conftest.err
configure:4312: $? = 0
configure:4315: test -s conftest.o
configure:4318: $? = 0
configure:4329: result: yes
configure:4283: checking for string.h
configure:4299: gcc -c -g -O2  conftest.c >&5
configure:4305: $? = 0
configure:4309: test -z 
			 || test ! -s conftest.err
configure:4312: $? = 0
configure:4315: test -s conftest.o
configure:4318: $? = 0
configure:4329: result: yes
configure:4283: checking for memory.h
configure:4299: gcc -c -g -O2  conftest.c >&5
configure:4305: $? = 0
configure:4309: test -z 
			 || test ! -s conftest.err
configure:4312: $? = 0
configure:4315: test -s conftest.o
configure:4318: $? = 0
configure:4329: result: yes
configure:4283: checking for strings.h
configure:4299: gcc -c -g -O2  conftest.c >&5
configure:4305: $? = 0
configure:4309: test -z 
			 || test ! -s conftest.err
configure:4312: $? = 0
configure:4315: test -s conftest.o
configure:4318: $? = 0
configure:4329: result: yes
configure:4283: checking for inttypes.h
configure:4299: gcc -c -g -O2  conftest.c >&5
configure:4305: $? = 0
configure:4309: test -z 
			 || test ! -s conftest.err
configure:4312: $? = 0
configure:4315: test -s conftest.o
configure:4318: $? = 0
configure:4329: result: yes
configure:4283: checking for stdint.h
configure:4299: gcc -c -g -O2  conftest.c >&5
configure:4305: $? = 0
configure:4309: test -z 
			 || test ! -s conftest.err
configure:4312: $? = 0
configure:4315: test -s conftest.o
configure:4318: $? = 0
configure:4329: result: yes
configure:4283: checking for unistd.h
configure:4299: gcc -c -g -O2  conftest.c >&5
configure:4305: $? = 0
configure:4309: test -z 
			 || test ! -s conftest.err
configure:4312: $? = 0
configure:4315: test -s conftest.o
configure:4318: $? = 0
configure:4329: result: yes
configure:4355: checking dlfcn.h usability
configure:4367: gcc -c -g -O2  conftest.c >&5
configure:4373: $? = 0
configure:4377: test -z 
			 || test ! -s conftest.err
configure:4380: $? = 0
configure:4383: test -s conftest.o
configure:4386: $? = 0
configure:4396: result: yes
configure:4400: checking dlfcn.h presence
configure:4410: gcc -E  conftest.c
configure:4416: $? = 0
configure:4436: result: yes
configure:4471: checking for dlfcn.h
configure:4478: result: yes
configure:4543: checking for g++
configure:4572: result: no
configure:4543: checking for c++
configure:4572: result: no
configure:4543: checking for gpp
configure:4572: result: no
configure:4543: checking for aCC
configure:4572: result: no
configure:4543: checking for CC
configure:4572: result: no
configure:4543: checking for cxx
configure:4572: result: no
configure:4543: checking for cc++
configure:4572: result: no
configure:4543: checking for cl
configure:4572: result: no
configure:4543: checking for FCC
configure:4572: result: no
configure:4543: checking for KCC
configure:4572: result: no
configure:4543: checking for RCC
configure:4572: result: no
configure:4543: checking for xlC_r
configure:4572: result: no
configure:4543: checking for xlC
configure:4572: result: no
configure:4585: checking for C++ compiler version
configure:4588: g++ --version </dev/null >&5
./configure: line 4589: g++: command not found
configure:4591: $? = 127
configure:4593: g++ -v </dev/null >&5
./configure: line 4594: g++: command not found
configure:4596: $? = 127
configure:4598: g++ -V </dev/null >&5
./configure: line 4599: g++: command not found
configure:4601: $? = 127
configure:4604: checking whether we are using the GNU C++ compiler
configure:4628: g++ -c   conftest.cc >&5
./configure: line 4629: g++: command not found
configure:4634: $? = 127
configure: failed program was:
| /* confdefs.h.  */
| 
| #define PACKAGE_NAME ""
| #define PACKAGE_TARNAME ""
| #define PACKAGE_VERSION ""
| #define PACKAGE_STRING ""
| #define PACKAGE_BUGREPORT ""
| #define SYSTEM_TYPE "i686-pc-linux-gnu"
| #define CPU_TYPE "I686"
| #define OS_TYPE_VERSION "LINUX-GNU"
| #define MANUFACTURER "PC"
| #define OS_TYPE "LINUX-GNU"
| #define PACKAGE "cim"
| #define VERSION "3.37"
| #define STDC_HEADERS 1
| #define HAVE_SYS_TYPES_H 1
| #define HAVE_SYS_STAT_H 1
| #define HAVE_STDLIB_H 1
| #define HAVE_STRING_H 1
| #define HAVE_MEMORY_H 1
| #define HAVE_STRINGS_H 1
| #define HAVE_INTTYPES_H 1
| #define HAVE_STDINT_H 1
| #define HAVE_UNISTD_H 1
| #define HAVE_DLFCN_H 1
| /* end confdefs.h.  */
| 
| int
| main ()
| {
| #ifndef __GNUC__
|        choke me
| #endif
| 
|   ;
|   return 0;
| }
configure:4660: result: no
configure:4666: checking whether g++ accepts -g
configure:4687: g++ -c -g  conftest.cc >&5
./configure: line 4688: g++: command not found
configure:4693: $? = 127
configure: failed program was:
| /* confdefs.h.  */
| 
| #define PACKAGE_NAME ""
| #define PACKAGE_TARNAME ""
| #define PACKAGE_VERSION ""
| #define PACKAGE_STRING ""
| #define PACKAGE_BUGREPORT ""
| #define SYSTEM_TYPE "i686-pc-linux-gnu"
| #define CPU_TYPE "I686"
| #define OS_TYPE_VERSION "LINUX-GNU"
| #define MANUFACTURER "PC"
| #define OS_TYPE "LINUX-GNU"
| #define PACKAGE "cim"
| #define VERSION "3.37"
| #define STDC_HEADERS 1
| #define HAVE_SYS_TYPES_H 1
| #define HAVE_SYS_STAT_H 1
| #define HAVE_STDLIB_H 1
| #define HAVE_STRING_H 1
| #define HAVE_MEMORY_H 1
| #define HAVE_STRINGS_H 1
| #define HAVE_INTTYPES_H 1
| #define HAVE_STDINT_H 1
| #define HAVE_UNISTD_H 1
| #define HAVE_DLFCN_H 1
| /* end confdefs.h.  */
| 
| int
| main ()
| {
| 
|   ;
|   return 0;
| }
configure:4717: result: no
configure:4759: g++ -c   conftest.cc >&5
./configure: line 4760: g++: command not found
configure:4765: $? = 127
configure: failed program was:
| /* confdefs.h.  */
| 
| #define PACKAGE_NAME ""
| #define PACKAGE_TARNAME ""
| #define PACKAGE_VERSION ""
| #define PACKAGE_STRING ""
| #define PACKAGE_BUGREPORT ""
| #define SYSTEM_TYPE "i686-pc-linux-gnu"
| #define CPU_TYPE "I686"
| #define OS_TYPE_VERSION "LINUX-GNU"
| #define MANUFACTURER "PC"
| #define OS_TYPE "LINUX-GNU"
| #define PACKAGE "cim"
| #define VERSION "3.37"
| #define STDC_HEADERS 1
| #define HAVE_SYS_TYPES_H 1
| #define HAVE_SYS_STAT_H 1
| #define HAVE_STDLIB_H 1
| #define HAVE_STRING_H 1
| #define HAVE_MEMORY_H 1
| #define HAVE_STRINGS_H 1
| #define HAVE_INTTYPES_H 1
| #define HAVE_STDINT_H 1
| #define HAVE_UNISTD_H 1
| #define HAVE_DLFCN_H 1
| /* end confdefs.h.  */
| 
| #include <stdlib.h>
| int
| main ()
| {
| exit (42);
|   ;
|   return 0;
| }
configure:4759: g++ -c   conftest.cc >&5
./configure: line 4760: g++: command not found
configure:4765: $? = 127
configure: failed program was:
| /* confdefs.h.  */
| 
| #define PACKAGE_NAME ""
| #define PACKAGE_TARNAME ""
| #define PACKAGE_VERSION ""
| #define PACKAGE_STRING ""
| #define PACKAGE_BUGREPORT ""
| #define SYSTEM_TYPE "i686-pc-linux-gnu"
| #define CPU_TYPE "I686"
| #define OS_TYPE_VERSION "LINUX-GNU"
| #define MANUFACTURER "PC"
| #define OS_TYPE "LINUX-GNU"
| #define PACKAGE "cim"
| #define VERSION "3.37"
| #define STDC_HEADERS 1
| #define HAVE_SYS_TYPES_H 1
| #define HAVE_SYS_STAT_H 1
| #define HAVE_STDLIB_H 1
| #define HAVE_STRING_H 1
| #define HAVE_MEMORY_H 1
| #define HAVE_STRINGS_H 1
| #define HAVE_INTTYPES_H 1
| #define HAVE_STDINT_H 1
| #define HAVE_UNISTD_H 1
| #define HAVE_DLFCN_H 1
| /* end confdefs.h.  */
| extern "C" void std::exit (int) throw (); using std::exit;
| #include <stdlib.h>
| int
| main ()
| {
| exit (42);
|   ;
|   return 0;
| }
configure:4759: g++ -c   conftest.cc >&5
./configure: line 4760: g++: command not found
configure:4765: $? = 127
configure: failed program was:
| /* confdefs.h.  */
| 
| #define PACKAGE_NAME ""
| #define PACKAGE_TARNAME ""
| #define PACKAGE_VERSION ""
| #define PACKAGE_STRING ""
| #define PACKAGE_BUGREPORT ""
| #define SYSTEM_TYPE "i686-pc-linux-gnu"
| #define CPU_TYPE "I686"
| #define OS_TYPE_VERSION "LINUX-GNU"
| #define MANUFACTURER "PC"
| #define OS_TYPE "LINUX-GNU"
| #define PACKAGE "cim"
| #define VERSION "3.37"
| #define STDC_HEADERS 1
| #define HAVE_SYS_TYPES_H 1
| #define HAVE_SYS_STAT_H 1
| #define HAVE_STDLIB_H 1
| #define HAVE_STRING_H 1
| #define HAVE_MEMORY_H 1
| #define HAVE_STRINGS_H 1
| #define HAVE_INTTYPES_H 1
| #define HAVE_STDINT_H 1
| #define HAVE_UNISTD_H 1
| #define HAVE_DLFCN_H 1
| /* end confdefs.h.  */
| extern "C" void std::exit (int); using std::exit;
| #include <stdlib.h>
| int
| main ()
| {
| exit (42);
|   ;
|   return 0;
| }
configure:4759: g++ -c   conftest.cc >&5
./configure: line 4760: g++: command not found
configure:4765: $? = 127
configure: failed program was:
| /* confdefs.h.  */
| 
| #define PACKAGE_NAME ""
| #define PACKAGE_TARNAME ""
| #define PACKAGE_VERSION ""
| #define PACKAGE_STRING ""
| #define PACKAGE_BUGREPORT ""
| #define SYSTEM_TYPE "i686-pc-linux-gnu"
| #define CPU_TYPE "I686"
| #define OS_TYPE_VERSION "LINUX-GNU"
| #define MANUFACTURER "PC"
| #define OS_TYPE "LINUX-GNU"
| #define PACKAGE "cim"
| #define VERSION "3.37"
| #define STDC_HEADERS 1
| #define HAVE_SYS_TYPES_H 1
| #define HAVE_SYS_STAT_H 1
| #define HAVE_STDLIB_H 1
| #define HAVE_STRING_H 1
| #define HAVE_MEMORY_H 1
| #define HAVE_STRINGS_H 1
| #define HAVE_INTTYPES_H 1
| #define HAVE_STDINT_H 1
| #define HAVE_UNISTD_H 1
| #define HAVE_DLFCN_H 1
| /* end confdefs.h.  */
| extern "C" void exit (int) throw ();
| #include <stdlib.h>
| int
| main ()
| {
| exit (42);
|   ;
|   return 0;
| }
configure:4759: g++ -c   conftest.cc >&5
./configure: line 4760: g++: command not found
configure:4765: $? = 127
configure: failed program was:
| /* confdefs.h.  */
| 
| #define PACKAGE_NAME ""
| #define PACKAGE_TARNAME ""
| #define PACKAGE_VERSION ""
| #define PACKAGE_STRING ""
| #define PACKAGE_BUGREPORT ""
| #define SYSTEM_TYPE "i686-pc-linux-gnu"
| #define CPU_TYPE "I686"
| #define OS_TYPE_VERSION "LINUX-GNU"
| #define MANUFACTURER "PC"
| #define OS_TYPE "LINUX-GNU"
| #define PACKAGE "cim"
| #define VERSION "3.37"
| #define STDC_HEADERS 1
| #define HAVE_SYS_TYPES_H 1
| #define HAVE_SYS_STAT_H 1
| #define HAVE_STDLIB_H 1
| #define HAVE_STRING_H 1
| #define HAVE_MEMORY_H 1
| #define HAVE_STRINGS_H 1
| #define HAVE_INTTYPES_H 1
| #define HAVE_STDINT_H 1
| #define HAVE_UNISTD_H 1
| #define HAVE_DLFCN_H 1
| /* end confdefs.h.  */
| extern "C" void exit (int);
| #include <stdlib.h>
| int
| main ()
| {
| exit (42);
|   ;
|   return 0;
| }
configure:4759: g++ -c   conftest.cc >&5
./configure: line 4760: g++: command not found
configure:4765: $? = 127
configure: failed program was:
| /* confdefs.h.  */
| 
| #define PACKAGE_NAME ""
| #define PACKAGE_TARNAME ""
| #define PACKAGE_VERSION ""
| #define PACKAGE_STRING ""
| #define PACKAGE_BUGREPORT ""
| #define SYSTEM_TYPE "i686-pc-linux-gnu"
| #define CPU_TYPE "I686"
| #define OS_TYPE_VERSION "LINUX-GNU"
| #define MANUFACTURER "PC"
| #define OS_TYPE "LINUX-GNU"
| #define PACKAGE "cim"
| #define VERSION "3.37"
| #define STDC_HEADERS 1
| #define HAVE_SYS_TYPES_H 1
| #define HAVE_SYS_STAT_H 1
| #define HAVE_STDLIB_H 1
| #define HAVE_STRING_H 1
| #define HAVE_MEMORY_H 1
| #define HAVE_STRINGS_H 1
| #define HAVE_INTTYPES_H 1
| #define HAVE_STDINT_H 1
| #define HAVE_UNISTD_H 1
| #define HAVE_DLFCN_H 1
| /* end confdefs.h.  */
| void exit (int);
| #include <stdlib.h>
| int
| main ()
| {
| exit (42);
|   ;
|   return 0;
| }
configure:4848: checking dependency style of g++
configure:4938: result: none
configure:5244: checking for g77
configure:5273: result: no
configure:5244: checking for f77
configure:5273: result: no
configure:5244: checking for xlf
configure:5273: result: no
configure:5244: checking for frt
configure:5273: result: no
configure:5244: checking for pgf77
configure:5273: result: no
configure:5244: checking for fort77
configure:5273: result: no
configure:5244: checking for fl32
configure:5273: result: no
configure:5244: checking for af77
configure:5273: result: no
configure:5244: checking for f90
configure:5273: result: no
configure:5244: checking for xlf90
configure:5273: result: no
configure:5244: checking for pgf90
configure:5273: result: no
configure:5244: checking for epcf90
configure:5273: result: no
configure:5244: checking for f95
configure:5273: result: no
configure:5244: checking for fort
configure:5273: result: no
configure:5244: checking for xlf95
configure:5273: result: no
configure:5244: checking for ifc
configure:5273: result: no
configure:5244: checking for efc
configure:5273: result: no
configure:5244: checking for pgf95
configure:5273: result: no
configure:5244: checking for lf95
configure:5273: result: no
configure:5244: checking for gfortran
configure:5273: result: no
configure:5285: checking for Fortran 77 compiler version
configure:5288:  --version </dev/null >&5
./configure: line 5289: --version: command not found
configure:5291: $? = 127
configure:5293:  -v </dev/null >&5
./configure: line 5294: -v: command not found
configure:5296: $? = 127
configure:5298:  -V </dev/null >&5
./configure: line 5299: -V: command not found
configure:5301: $? = 127
configure:5309: checking whether we are using the GNU Fortran 77 compiler
configure:5323:  -c  conftest.F >&5
./configure: line 5324: -c: command not found
configure:5329: $? = 127
configure: failed program was:
|       program main
| #ifndef __GNUC__
|        choke me
| #endif
| 
|       end
configure:5355: result: no
configure:5361: checking whether  accepts -g
configure:5373:  -c -g conftest.f >&5
./configure: line 5374: -c: command not found
configure:5379: $? = 127
configure: failed program was:
|       program main
| 
|       end
configure:5404: result: no
configure:5434: checking the maximum length of command line arguments
configure:5526: result: 32768
configure:5537: checking command to parse /usr/bin/nm -B output from gcc object
configure:5633: gcc -c -g -O2  conftest.c >&5
configure:5636: $? = 0
configure:5640: /usr/bin/nm -B conftest.o \| sed -n -e 's/^.*[ 	]\([ABCDGIRSTW][ABCDGIRSTW]*\)[ 	][ 	]*\([_A-Za-z][_A-Za-z0-9]*\)$/\1 \2 \2/p' \> conftest.nm
configure:5643: $? = 0
configure:5695: gcc -o conftest -g -O2   conftest.c conftstm.o >&5
configure:5698: $? = 0
configure:5736: result: ok
configure:5740: checking for objdir
configure:5755: result: .libs
configure:5845: checking for ar
configure:5861: found /usr/bin/ar
configure:5872: result: ar
configure:5925: checking for ranlib
configure:5941: found /usr/bin/ranlib
configure:5952: result: ranlib
configure:6005: checking for strip
configure:6021: found /usr/bin/strip
configure:6032: result: strip
configure:6319: checking if gcc static flag  works
configure:6347: result: yes
configure:6365: checking if gcc supports -fno-rtti -fno-exceptions
configure:6383: gcc -c -g -O2  -fno-rtti -fno-exceptions conftest.c >&5
cc1: warning: command line option '-fno-rtti' is valid for C++/ObjC++ but not for C [enabled by default]
configure:6387: $? = 0
configure:6400: result: no
configure:6415: checking for gcc option to produce PIC
configure:6619: result: -fPIC
configure:6627: checking if gcc PIC flag -fPIC works
configure:6645: gcc -c -g -O2  -fPIC -DPIC conftest.c >&5
configure:6649: $? = 0
configure:6662: result: yes
configure:6686: checking if gcc supports -c -o file.o
configure:6707: gcc -c -g -O2  -o out/conftest2.o conftest.c >&5
configure:6711: $? = 0
configure:6733: result: yes
configure:6759: checking whether the gcc linker (/usr/bin/ld) supports shared libraries
configure:7654: result: yes
configure:7680: checking whether -lc should be explicitly linked in
configure:7685: gcc -c -g -O2  conftest.c >&5
configure:7688: $? = 0
configure:7702: gcc -shared conftest.o  -v -Wl,-soname -Wl,conftest -o conftest 2\>\&1 \| grep  -lc  \>/dev/null 2\>\&1
configure:7705: $? = 0
configure:7717: result: no
configure:7725: checking dynamic linker characteristics
configure:8288: result: GNU/Linux ld.so
configure:8292: checking how to hardcode library paths into programs
configure:8317: result: immediate
configure:8331: checking whether stripping libraries is possible
configure:8336: result: yes
configure:9166: checking if libtool supports shared libraries
configure:9168: result: yes
configure:9171: checking whether to build shared libraries
configure:9192: result: yes
configure:9195: checking whether to build static libraries
configure:9199: result: yes
configure:9291: creating libtool
configure:19730: checking for gcc
configure:19756: result: gcc
configure:20000: checking for C compiler version
configure:20003: gcc --version </dev/null >&5
gcc (Ubuntu/Linaro 4.6.3-1ubuntu5) 4.6.3
Copyright (C) 2011 Free Software Foundation, Inc.
This is free software; see the source for copying conditions.  There is NO
warranty; not even for MERCHANTABILITY or FITNESS FOR A PARTICULAR PURPOSE.

configure:20006: $? = 0
configure:20008: gcc -v </dev/null >&5
Using built-in specs.
COLLECT_GCC=gcc
COLLECT_LTO_WRAPPER=/usr/lib/gcc/i686-linux-gnu/4.6/lto-wrapper
Target: i686-linux-gnu
Configured with: ../src/configure -v --with-pkgversion='Ubuntu/Linaro 4.6.3-1ubuntu5' --with-bugurl=file:///usr/share/doc/gcc-4.6/README.Bugs --enable-languages=c,c++,fortran,objc,obj-c++ --prefix=/usr --program-suffix=-4.6 --enable-shared --enable-linker-build-id --with-system-zlib --libexecdir=/usr/lib --without-included-gettext --enable-threads=posix --with-gxx-include-dir=/usr/include/c++/4.6 --libdir=/usr/lib --enable-nls --with-sysroot=/ --enable-clocale=gnu --enable-libstdcxx-debug --enable-libstdcxx-time=yes --enable-gnu-unique-object --enable-plugin --enable-objc-gc --enable-targets=all --disable-werror --with-arch-32=i686 --with-tune=generic --enable-checking=release --build=i686-linux-gnu --host=i686-linux-gnu --target=i686-linux-gnu
Thread model: posix
gcc version 4.6.3 (Ubuntu/Linaro 4.6.3-1ubuntu5) 
configure:20011: $? = 0
configure:20013: gcc -V </dev/null >&5
gcc: error: unrecognized option '-V'
gcc: fatal error: no input files
compilation terminated.
configure:20016: $? = 4
configure:20019: checking whether we are using the GNU C compiler
configure:20075: result: yes
configure:20081: checking whether gcc accepts -g
configure:20132: result: yes
configure:20149: checking for gcc option to accept ANSI C
configure:20256: result: none needed
configure:20274: gcc -c -g -O2  conftest.c >&5
conftest.c:2:3: error: unknown type name 'choke'
conftest.c:2:3: error: expected '=', ',', ';', 'asm' or '__attribute__' at end of input
configure:20280: $? = 1
configure: failed program was:
| #ifndef __cplusplus
|   choke me
| #endif
configure:20415: checking dependency style of gcc
configure:20505: result: gcc3
configure:20523: checking whether ln -s works
configure:20527: result: yes
configure:20538: checking for bison
configure:20567: result: no
configure:20538: checking for byacc
configure:20567: result: no
configure:20577: checking for perl
configure:20595: found /usr/bin/perl
configure:20607: result: /usr/bin/perl
configure:20616: checking for main in -lm
configure:20640: gcc -o conftest -g -O2   conftest.c -lm   >&5
conftest.c:29:0: warning: "PACKAGE_VERSION" redefined [enabled by default]
conftest.c:5:0: note: this is the location of the previous definition
configure:20646: $? = 0
configure:20650: test -z 
			 || test ! -s conftest.err
configure:20653: $? = 0
configure:20656: test -s conftest
configure:20659: $? = 0
configure:20672: result: yes
configure:20684: checking for main in -lft
configure:20708: gcc -o conftest -g -O2   conftest.c -lft  -lm  >&5
conftest.c:29:0: warning: "PACKAGE_VERSION" redefined [enabled by default]
conftest.c:5:0: note: this is the location of the previous definition
/usr/bin/ld: cannot find -lft
collect2: ld returned 1 exit status
configure:20714: $? = 1
configure: failed program was:
| /* confdefs.h.  */
| 
| #define PACKAGE_NAME ""
| #define PACKAGE_TARNAME ""
| #define PACKAGE_VERSION ""
| #define PACKAGE_STRING ""
| #define PACKAGE_BUGREPORT ""
| #define SYSTEM_TYPE "i686-pc-linux-gnu"
| #define CPU_TYPE "I686"
| #define OS_TYPE_VERSION "LINUX-GNU"
| #define MANUFACTURER "PC"
| #define OS_TYPE "LINUX-GNU"
| #define PACKAGE "cim"
| #define VERSION "3.37"
| #define STDC_HEADERS 1
| #define HAVE_SYS_TYPES_H 1
| #define HAVE_SYS_STAT_H 1
| #define HAVE_STDLIB_H 1
| #define HAVE_STRING_H 1
| #define HAVE_MEMORY_H 1
| #define HAVE_STRINGS_H 1
| #define HAVE_INTTYPES_H 1
| #define HAVE_STDINT_H 1
| #define HAVE_UNISTD_H 1
| #define HAVE_DLFCN_H 1
| #ifdef __cplusplus
| void exit (int);
| #endif
| #define PACKAGE_VERSION "cim-3.37"
| #define HAVE_LIBM 1
| /* end confdefs.h.  */
| 
| 
| int
| main ()
| {
| main ();
|   ;
|   return 0;
| }
configure:20740: result: no
configure:20751: checking for ANSI C header files
configure:20907: result: yes
configure:20934: checking for string.h
configure:20939: result: yes
configure:20934: checking for memory.h
configure:20939: result: yes
configure:20943: checking malloc.h usability
configure:20955: gcc -c -g -O2  conftest.c >&5
conftest.c:29:0: warning: "PACKAGE_VERSION" redefined [enabled by default]
conftest.c:5:0: note: this is the location of the previous definition
configure:20961: $? = 0
configure:20965: test -z 
			 || test ! -s conftest.err
configure:20968: $? = 0
configure:20971: test -s conftest.o
configure:20974: $? = 0
configure:20984: result: yes
configure:20988: checking malloc.h presence
configure:20998: gcc -E  conftest.c
conftest.c:29:0: warning: "PACKAGE_VERSION" redefined [enabled by default]
conftest.c:5:0: note: this is the location of the previous definition
configure:21004: $? = 0
configure:21024: result: yes
configure:21059: checking for malloc.h
configure:21066: result: yes
configure:20943: checking limits.h usability
configure:20955: gcc -c -g -O2  conftest.c >&5
conftest.c:29:0: warning: "PACKAGE_VERSION" redefined [enabled by default]
conftest.c:5:0: note: this is the location of the previous definition
configure:20961: $? = 0
configure:20965: test -z 
			 || test ! -s conftest.err
configure:20968: $? = 0
configure:20971: test -s conftest.o
configure:20974: $? = 0
configure:20984: result: yes
configure:20988: checking limits.h presence
configure:20998: gcc -E  conftest.c
conftest.c:29:0: warning: "PACKAGE_VERSION" redefined [enabled by default]
conftest.c:5:0: note: this is the location of the previous definition
configure:21004: $? = 0
configure:21024: result: yes
configure:21059: checking for limits.h
configure:21066: result: yes
configure:20943: checking values.h usability
configure:20955: gcc -c -g -O2  conftest.c >&5
conftest.c:29:0: warning: "PACKAGE_VERSION" redefined [enabled by default]
conftest.c:5:0: note: this is the location of the previous definition
configure:20961: $? = 0
configure:20965: test -z 
			 || test ! -s conftest.err
configure:20968: $? = 0
configure:20971: test -s conftest.o
configure:20974: $? = 0
configure:20984: result: yes
configure:20988: checking values.h presence
configure:20998: gcc -E  conftest.c
conftest.c:29:0: warning: "PACKAGE_VERSION" redefined [enabled by default]
conftest.c:5:0: note: this is the location of the previous definition
configure:21004: $? = 0
configure:21024: result: yes
configure:21059: checking for values.h
configure:21066: result: yes
configure:20943: checking fcntl.h usability
configure:20955: gcc -c -g -O2  conftest.c >&5
conftest.c:29:0: warning: "PACKAGE_VERSION" redefined [enabled by default]
conftest.c:5:0: note: this is the location of the previous definition
configure:20961: $? = 0
configure:20965: test -z 
			 || test ! -s conftest.err
configure:20968: $? = 0
configure:20971: test -s conftest.o
configure:20974: $? = 0
configure:20984: result: yes
configure:20988: checking fcntl.h presence
configure:20998: gcc -E  conftest.c
conftest.c:29:0: warning: "PACKAGE_VERSION" redefined [enabled by default]
conftest.c:5:0: note: this is the location of the previous definition
configure:21004: $? = 0
configure:21024: result: yes
configure:21059: checking for fcntl.h
configure:21066: result: yes
configure:20943: checking sys/resource.h usability
configure:20955: gcc -c -g -O2  conftest.c >&5
conftest.c:29:0: warning: "PACKAGE_VERSION" redefined [enabled by default]
conftest.c:5:0: note: this is the location of the previous definition
configure:20961: $? = 0
configure:20965: test -z 
			 || test ! -s conftest.err
configure:20968: $? = 0
configure:20971: test -s conftest.o
configure:20974: $? = 0
configure:20984: result: yes
configure:20988: checking sys/resource.h presence
configure:20998: gcc -E  conftest.c
conftest.c:29:0: warning: "PACKAGE_VERSION" redefined [enabled by default]
conftest.c:5:0: note: this is the location of the previous definition
configure:21004: $? = 0
configure:21024: result: yes
configure:21059: checking for sys/resource.h
configure:21066: result: yes
configure:20934: checking for sys/types.h
configure:20939: result: yes
configure:20943: checking sys/times.h usability
configure:20955: gcc -c -g -O2  conftest.c >&5
conftest.c:29:0: warning: "PACKAGE_VERSION" redefined [enabled by default]
conftest.c:5:0: note: this is the location of the previous definition
configure:20961: $? = 0
configure:20965: test -z 
			 || test ! -s conftest.err
configure:20968: $? = 0
configure:20971: test -s conftest.o
configure:20974: $? = 0
configure:20984: result: yes
configure:20988: checking sys/times.h presence
configure:20998: gcc -E  conftest.c
conftest.c:29:0: warning: "PACKAGE_VERSION" redefined [enabled by default]
conftest.c:5:0: note: this is the location of the previous definition
configure:21004: $? = 0
configure:21024: result: yes
configure:21059: checking for sys/times.h
configure:21066: result: yes
configure:20943: checking sys/time.h usability
configure:20955: gcc -c -g -O2  conftest.c >&5
conftest.c:29:0: warning: "PACKAGE_VERSION" redefined [enabled by default]
conftest.c:5:0: note: this is the location of the previous definition
configure:20961: $? = 0
configure:20965: test -z 
			 || test ! -s conftest.err
configure:20968: $? = 0
configure:20971: test -s conftest.o
configure:20974: $? = 0
configure:20984: result: yes
configure:20988: checking sys/time.h presence
configure:20998: gcc -E  conftest.c
conftest.c:29:0: warning: "PACKAGE_VERSION" redefined [enabled by default]
conftest.c:5:0: note: this is the location of the previous definition
configure:21004: $? = 0
configure:21024: result: yes
configure:21059: checking for sys/time.h
configure:21066: result: yes
configure:20943: checking sys/utsname.h usability
configure:20955: gcc -c -g -O2  conftest.c >&5
conftest.c:29:0: warning: "PACKAGE_VERSION" redefined [enabled by default]
conftest.c:5:0: note: this is the location of the previous definition
configure:20961: $? = 0
configure:20965: test -z 
			 || test ! -s conftest.err
configure:20968: $? = 0
configure:20971: test -s conftest.o
configure:20974: $? = 0
configure:20984: result: yes
configure:20988: checking sys/utsname.h presence
configure:20998: gcc -E  conftest.c
conftest.c:29:0: warning: "PACKAGE_VERSION" redefined [enabled by default]
conftest.c:5:0: note: this is the location of the previous definition
configure:21004: $? = 0
configure:21024: result: yes
configure:21059: checking for sys/utsname.h
configure:21066: result: yes
configure:20943: checking signal.h usability
configure:20955: gcc -c -g -O2  conftest.c >&5
conftest.c:29:0: warning: "PACKAGE_VERSION" redefined [enabled by default]
conftest.c:5:0: note: this is the location of the previous definition
configure:20961: $? = 0
configure:20965: test -z 
			 || test ! -s conftest.err
configure:20968: $? = 0
configure:20971: test -s conftest.o
configure:20974: $? = 0
configure:20984: result: yes
configure:20988: checking signal.h presence
configure:20998: gcc -E  conftest.c
conftest.c:29:0: warning: "PACKAGE_VERSION" redefined [enabled by default]
conftest.c:5:0: note: this is the location of the previous definition
configure:21004: $? = 0
configure:21024: result: yes
configure:21059: checking for signal.h
configure:21066: result: yes
configure:20934: checking for unistd.h
configure:20939: result: yes
configure:21080: checking whether time.h and sys/time.h may both be included
configure:21105: gcc -c -g -O2  conftest.c >&5
conftest.c:29:0: warning: "PACKAGE_VERSION" redefined [enabled by default]
conftest.c:5:0: note: this is the location of the previous definition
configure:21111: $? = 0
configure:21115: test -z 
			 || test ! -s conftest.err
configure:21118: $? = 0
configure:21121: test -s conftest.o
configure:21124: $? = 0
configure:21135: result: yes
configure:21145: checking whether struct tm is in sys/time.h or time.h
configure:21168: gcc -c -g -O2  conftest.c >&5
conftest.c:29:0: warning: "PACKAGE_VERSION" redefined [enabled by default]
conftest.c:5:0: note: this is the location of the previous definition
configure:21174: $? = 0
configure:21178: test -z 
			 || test ! -s conftest.err
configure:21181: $? = 0
configure:21184: test -s conftest.o
configure:21187: $? = 0
configure:21198: result: time.h
configure:21223: checking for time
configure:21280: gcc -o conftest -g -O2   conftest.c -lm  >&5
conftest.c:29:0: warning: "PACKAGE_VERSION" redefined [enabled by default]
conftest.c:5:0: note: this is the location of the previous definition
configure:21286: $? = 0
configure:21290: test -z 
			 || test ! -s conftest.err
configure:21293: $? = 0
configure:21296: test -s conftest
configure:21299: $? = 0
configure:21311: result: yes
configure:21223: checking for times
configure:21280: gcc -o conftest -g -O2   conftest.c -lm  >&5
conftest.c:29:0: warning: "PACKAGE_VERSION" redefined [enabled by default]
conftest.c:5:0: note: this is the location of the previous definition
configure:21286: $? = 0
configure:21290: test -z 
			 || test ! -s conftest.err
configure:21293: $? = 0
configure:21296: test -s conftest
configure:21299: $? = 0
configure:21311: result: yes
configure:21223: checking for getrusage
configure:21280: gcc -o conftest -g -O2   conftest.c -lm  >&5
conftest.c:29:0: warning: "PACKAGE_VERSION" redefined [enabled by default]
conftest.c:5:0: note: this is the location of the previous definition
configure:21286: $? = 0
configure:21290: test -z 
			 || test ! -s conftest.err
configure:21293: $? = 0
configure:21296: test -s conftest
configure:21299: $? = 0
configure:21311: result: yes
configure:21223: checking for gettimeofday
configure:21280: gcc -o conftest -g -O2   conftest.c -lm  >&5
conftest.c:29:0: warning: "PACKAGE_VERSION" redefined [enabled by default]
conftest.c:5:0: note: this is the location of the previous definition
configure:21286: $? = 0
configure:21290: test -z 
			 || test ! -s conftest.err
configure:21293: $? = 0
configure:21296: test -s conftest
configure:21299: $? = 0
configure:21311: result: yes
configure:21223: checking for getdomainname
configure:21280: gcc -o conftest -g -O2   conftest.c -lm  >&5
conftest.c:29:0: warning: "PACKAGE_VERSION" redefined [enabled by default]
conftest.c:5:0: note: this is the location of the previous definition
configure:21286: $? = 0
configure:21290: test -z 
			 || test ! -s conftest.err
configure:21293: $? = 0
configure:21296: test -s conftest
configure:21299: $? = 0
configure:21311: result: yes
configure:21223: checking for uname
configure:21280: gcc -o conftest -g -O2   conftest.c -lm  >&5
conftest.c:29:0: warning: "PACKAGE_VERSION" redefined [enabled by default]
conftest.c:5:0: note: this is the location of the previous definition
configure:21286: $? = 0
configure:21290: test -z 
			 || test ! -s conftest.err
configure:21293: $? = 0
configure:21296: test -s conftest
configure:21299: $? = 0
configure:21311: result: yes
configure:21223: checking for gethostname
configure:21280: gcc -o conftest -g -O2   conftest.c -lm  >&5
conftest.c:29:0: warning: "PACKAGE_VERSION" redefined [enabled by default]
conftest.c:5:0: note: this is the location of the previous definition
configure:21286: $? = 0
configure:21290: test -z 
			 || test ! -s conftest.err
configure:21293: $? = 0
configure:21296: test -s conftest
configure:21299: $? = 0
configure:21311: result: yes
configure:21223: checking for getuid
configure:21280: gcc -o conftest -g -O2   conftest.c -lm  >&5
conftest.c:29:0: warning: "PACKAGE_VERSION" redefined [enabled by default]
conftest.c:5:0: note: this is the location of the previous definition
configure:21286: $? = 0
configure:21290: test -z 
			 || test ! -s conftest.err
configure:21293: $? = 0
configure:21296: test -s conftest
configure:21299: $? = 0
configure:21311: result: yes
configure:21223: checking for getpid
configure:21280: gcc -o conftest -g -O2   conftest.c -lm  >&5
conftest.c:29:0: warning: "PACKAGE_VERSION" redefined [enabled by default]
conftest.c:5:0: note: this is the location of the previous definition
configure:21286: $? = 0
configure:21290: test -z 
			 || test ! -s conftest.err
configure:21293: $? = 0
configure:21296: test -s conftest
configure:21299: $? = 0
configure:21311: result: yes
configure:21223: checking for getegid
configure:21280: gcc -o conftest -g -O2   conftest.c -lm  >&5
conftest.c:29:0: warning: "PACKAGE_VERSION" redefined [enabled by default]
conftest.c:5:0: note: this is the location of the previous definition
configure:21286: $? = 0
configure:21290: test -z 
			 || test ! -s conftest.err
configure:21293: $? = 0
configure:21296: test -s conftest
configure:21299: $? = 0
configure:21311: result: yes
configure:21223: checking for unlink
configure:21280: gcc -o conftest -g -O2   conftest.c -lm  >&5
conftest.c:29:0: warning: "PACKAGE_VERSION" redefined [enabled by default]
conftest.c:5:0: note: this is the location of the previous definition
configure:21286: $? = 0
configure:21290: test -z 
			 || test ! -s conftest.err
configure:21293: $? = 0
configure:21296: test -s conftest
configure:21299: $? = 0
configure:21311: result: yes
configure:21323: checking for working alloca.h
configure:21344: gcc -o conftest -g -O2   conftest.c -lm  >&5
conftest.c:29:0: warning: "PACKAGE_VERSION" redefined [enabled by default]
conftest.c:5:0: note: this is the location of the previous definition
configure:21350: $? = 0
configure:21354: test -z 
			 || test ! -s conftest.err
configure:21357: $? = 0
configure:21360: test -s conftest
configure:21363: $? = 0
configure:21375: result: yes
configure:21385: checking for alloca
configure:21426: gcc -o conftest -g -O2   conftest.c -lm  >&5
conftest.c:29:0: warning: "PACKAGE_VERSION" redefined [enabled by default]
conftest.c:5:0: note: this is the location of the previous definition
configure:21432: $? = 0
configure:21436: test -z 
			 || test ! -s conftest.err
configure:21439: $? = 0
configure:21442: test -s conftest
configure:21445: $? = 0
configure:21457: result: yes
configure:21682: checking whether char is unsigned
configure:21705: gcc -c -g -O2  conftest.c >&5
conftest.c:29:0: warning: "PACKAGE_VERSION" redefined [enabled by default]
conftest.c:5:0: note: this is the location of the previous definition
configure:21711: $? = 0
configure:21715: test -z 
			 || test ! -s conftest.err
configure:21718: $? = 0
configure:21721: test -s conftest.o
configure:21724: $? = 0
configure:21735: result: no
configure:21744: checking for int
configure:21768: gcc -c -g -O2  conftest.c >&5
conftest.c:29:0: warning: "PACKAGE_VERSION" redefined [enabled by default]
conftest.c:5:0: note: this is the location of the previous definition
configure:21774: $? = 0
configure:21778: test -z 
			 || test ! -s conftest.err
configure:21781: $? = 0
configure:21784: test -s conftest.o
configure:21787: $? = 0
configure:21798: result: yes
configure:21801: checking size of int
configure:22120: gcc -o conftest -g -O2   conftest.c -lm  >&5
conftest.c:29:0: warning: "PACKAGE_VERSION" redefined [enabled by default]
conftest.c:5:0: note: this is the location of the previous definition
configure:22123: $? = 0
configure:22125: ./conftest
configure:22128: $? = 0
configure:22151: result: 4
configure:22158: checking for long
configure:22182: gcc -c -g -O2  conftest.c >&5
conftest.c:29:0: warning: "PACKAGE_VERSION" redefined [enabled by default]
conftest.c:5:0: note: this is the location of the previous definition
configure:22188: $? = 0
configure:22192: test -z 
			 || test ! -s conftest.err
configure:22195: $? = 0
configure:22198: test -s conftest.o
configure:22201: $? = 0
configure:22212: result: yes
configure:22215: checking size of long
configure:22534: gcc -o conftest -g -O2   conftest.c -lm  >&5
conftest.c:29:0: warning: "PACKAGE_VERSION" redefined [enabled by default]
conftest.c:5:0: note: this is the location of the previous definition
configure:22537: $? = 0
configure:22539: ./conftest
configure:22542: $? = 0
configure:22565: result: 4
configure:22573: checking whether byte ordering is bigendian
configure:22600: gcc -c -g -O2  conftest.c >&5
conftest.c:29:0: warning: "PACKAGE_VERSION" redefined [enabled by default]
conftest.c:5:0: note: this is the location of the previous definition
configure:22606: $? = 0
configure:22610: test -z 
			 || test ! -s conftest.err
configure:22613: $? = 0
configure:22616: test -s conftest.o
configure:22619: $? = 0
configure:22643: gcc -c -g -O2  conftest.c >&5
conftest.c:29:0: warning: "PACKAGE_VERSION" redefined [enabled by default]
conftest.c:5:0: note: this is the location of the previous definition
conftest.c: In function 'main':
conftest.c:69:2: error: unknown type name 'not'
conftest.c:69:10: error: expected '=', ',', ';', 'asm' or '__attribute__' before 'endian'
configure:22649: $? = 1
configure: failed program was:
| /* confdefs.h.  */
| 
| #define PACKAGE_NAME ""
| #define PACKAGE_TARNAME ""
| #define PACKAGE_VERSION ""
| #define PACKAGE_STRING ""
| #define PACKAGE_BUGREPORT ""
| #define SYSTEM_TYPE "i686-pc-linux-gnu"
| #define CPU_TYPE "I686"
| #define OS_TYPE_VERSION "LINUX-GNU"
| #define MANUFACTURER "PC"
| #define OS_TYPE "LINUX-GNU"
| #define PACKAGE "cim"
| #define VERSION "3.37"
| #define STDC_HEADERS 1
| #define HAVE_SYS_TYPES_H 1
| #define HAVE_SYS_STAT_H 1
| #define HAVE_STDLIB_H 1
| #define HAVE_STRING_H 1
| #define HAVE_MEMORY_H 1
| #define HAVE_STRINGS_H 1
| #define HAVE_INTTYPES_H 1
| #define HAVE_STDINT_H 1
| #define HAVE_UNISTD_H 1
| #define HAVE_DLFCN_H 1
| #ifdef __cplusplus
| void exit (int);
| #endif
| #define PACKAGE_VERSION "cim-3.37"
| #define HAVE_LIBM 1
| #define STDC_HEADERS 1
| #define HAVE_STRING_H 1
| #define HAVE_MEMORY_H 1
| #define HAVE_MALLOC_H 1
| #define HAVE_LIMITS_H 1
| #define HAVE_VALUES_H 1
| #define HAVE_FCNTL_H 1
| #define HAVE_SYS_RESOURCE_H 1
| #define HAVE_SYS_TYPES_H 1
| #define HAVE_SYS_TIMES_H 1
| #define HAVE_SYS_TIME_H 1
| #define HAVE_SYS_UTSNAME_H 1
| #define HAVE_SIGNAL_H 1
| #define HAVE_UNISTD_H 1
| #define TIME_WITH_SYS_TIME 1
| #define HAVE_TIME 1
| #define HAVE_TIMES 1
| #define HAVE_GETRUSAGE 1
| #define HAVE_GETTIMEOFDAY 1
| #define HAVE_GETDOMAINNAME 1
| #define HAVE_UNAME 1
| #define HAVE_GETHOSTNAME 1
| #define HAVE_GETUID 1
| #define HAVE_GETPID 1
| #define HAVE_GETEGID 1
| #define HAVE_UNLINK 1
| #define HAVE_ALLOCA_H 1
| #define HAVE_ALLOCA 1
| #define SIZEOF_INT 4
| #define SIZEOF_LONG 4
| /* end confdefs.h.  */
| #include <sys/types.h>
| #include <sys/param.h>
| 
| int
| main ()
| {
| #if BYTE_ORDER != BIG_ENDIAN
|  not big endian
| #endif
| 
|   ;
|   return 0;
| }
configure:22784: result: no
configure:22803: checking return type of signal handlers
configure:22834: gcc -c -g -O2  conftest.c >&5
conftest.c:29:0: warning: "PACKAGE_VERSION" redefined [enabled by default]
conftest.c:5:0: note: this is the location of the previous definition
configure:22840: $? = 0
configure:22844: test -z 
			 || test ! -s conftest.err
configure:22847: $? = 0
configure:22850: test -s conftest.o
configure:22853: $? = 0
configure:22864: result: void
configure:22874: checking signal SIGFPE
configure:22898: gcc -o conftest -g -O2   conftest.c -lm  >&5
conftest.c:29:0: warning: "PACKAGE_VERSION" redefined [enabled by default]
conftest.c:5:0: note: this is the location of the previous definition
conftest.c: In function 'main':
conftest.c:68:1: warning: passing argument 2 of 'signal' from incompatible pointer type [enabled by default]
/usr/include/signal.h:101:23: note: expected '__sighandler_t' but argument is of type 'int (*)()'
conftest.c:69:1: warning: incompatible implicit declaration of built-in function 'exit' [enabled by default]
configure:22901: $? = 0
configure:22903: ./conftest
configure:22906: $? = 0
configure:22921: result: yes
configure:22930: checking signal SIGSEGV
configure:22954: gcc -o conftest -g -O2   conftest.c -lm  >&5
conftest.c:29:0: warning: "PACKAGE_VERSION" redefined [enabled by default]
conftest.c:5:0: note: this is the location of the previous definition
conftest.c: In function 'main':
conftest.c:69:1: warning: passing argument 2 of 'signal' from incompatible pointer type [enabled by default]
/usr/include/signal.h:101:23: note: expected '__sighandler_t' but argument is of type 'int (*)()'
conftest.c:70:1: warning: incompatible implicit declaration of built-in function 'exit' [enabled by default]
configure:22957: $? = 0
configure:22959: ./conftest
configure:22962: $? = 0
configure:22977: result: yes
configure:22986: checking signal SIGILL
configure:23010: gcc -o conftest -g -O2   conftest.c -lm  >&5
conftest.c:29:0: warning: "PACKAGE_VERSION" redefined [enabled by default]
conftest.c:5:0: note: this is the location of the previous definition
conftest.c: In function 'main':
conftest.c:70:1: warning: passing argument 2 of 'signal' from incompatible pointer type [enabled by default]
/usr/include/signal.h:101:23: note: expected '__sighandler_t' but argument is of type 'int (*)()'
conftest.c:71:1: warning: incompatible implicit declaration of built-in function 'exit' [enabled by default]
configure:23013: $? = 0
configure:23015: ./conftest
configure:23018: $? = 0
configure:23033: result: yes
configure:23042: checking signal SIGTRAP
configure:23066: gcc -o conftest -g -O2   conftest.c -lm  >&5
conftest.c:29:0: warning: "PACKAGE_VERSION" redefined [enabled by default]
conftest.c:5:0: note: this is the location of the previous definition
conftest.c: In function 'main':
conftest.c:71:1: warning: passing argument 2 of 'signal' from incompatible pointer type [enabled by default]
/usr/include/signal.h:101:23: note: expected '__sighandler_t' but argument is of type 'int (*)()'
conftest.c:72:1: warning: incompatible implicit declaration of built-in function 'exit' [enabled by default]
configure:23069: $? = 0
configure:23071: ./conftest
configure:23074: $? = 0
configure:23089: result: yes
configure:23098: checking signal SIGSYS
configure:23122: gcc -o conftest -g -O2   conftest.c -lm  >&5
conftest.c:29:0: warning: "PACKAGE_VERSION" redefined [enabled by default]
conftest.c:5:0: note: this is the location of the previous definition
conftest.c: In function 'main':
conftest.c:72:1: warning: passing argument 2 of 'signal' from incompatible pointer type [enabled by default]
/usr/include/signal.h:101:23: note: expected '__sighandler_t' but argument is of type 'int (*)()'
conftest.c:73:1: warning: incompatible implicit declaration of built-in function 'exit' [enabled by default]
configure:23125: $? = 0
configure:23127: ./conftest
configure:23130: $? = 0
configure:23145: result: yes
configure:23154: checking signal SIGBUS
configure:23178: gcc -o conftest -g -O2   conftest.c -lm  >&5
conftest.c:29:0: warning: "PACKAGE_VERSION" redefined [enabled by default]
conftest.c:5:0: note: this is the location of the previous definition
conftest.c: In function 'main':
conftest.c:73:1: warning: passing argument 2 of 'signal' from incompatible pointer type [enabled by default]
/usr/include/signal.h:101:23: note: expected '__sighandler_t' but argument is of type 'int (*)()'
conftest.c:74:1: warning: incompatible implicit declaration of built-in function 'exit' [enabled by default]
configure:23181: $? = 0
configure:23183: ./conftest
configure:23186: $? = 0
configure:23201: result: yes
configure:23212: checking whether files must be opened in binary mode
configure:23237: gcc -o conftest -g -O2   conftest.c -lm  >&5
conftest.c:29:0: warning: "PACKAGE_VERSION" redefined [enabled by default]
conftest.c:5:0: note: this is the location of the previous definition
configure:23240: $? = 0
configure:23242: ./conftest
configure:23245: $? = 0
configure:23261: result: no
configure:23271: checking assuming iso latin
configure:23279: result: yes
configure:23288: checking assuming input line length
configure:23296: result: 80
configure:23303: checking assuming output line length
configure:23311: result: 80
configure:23318: checking assuming lines per page
configure:23326: result: 60
configure:23333: checking assuming the size of the heap in kB
configure:23341: result: 512
configure:23348: checking assuming that dump is implementable
configure:23363: result: no
configure:23372: checking assuming that floatingpoint conform to IEEE-754
configure:23400: result: yes
configure:23409: checking assuming that floatingpoint conform to VAX-format
configure:23429: result: no
configure:23438: checking assuming value of max double
configure:23455: result: DBL_MAX
configure:23462: checking assuming value of min double
configure:23479: result: DBL_MIN
configure:23486: checking assuming alignment
configure:23494: result: 8
configure:23503: checking grepping libtool to find wl_flag
configure:23514: result: -Wl,
configure:23522: checking grepping libtool to find link_static_flag
configure:23533: result: -static
configure:23541: checking grepping libtool to find pic_flag
configure:23552: result:  -fPIC -DPIC
configure:23685: creating ./config.status

## ---------------------- ##
## Running config.status. ##
## ---------------------- ##

This file was extended by config.status, which was
generated by GNU Autoconf 2.59.  Invocation command line was

  CONFIG_FILES    = 
  CONFIG_HEADERS  = 
  CONFIG_LINKS    = 
  CONFIG_COMMANDS = 
  $ ./config.status 

on ubuntu

config.status:735: creating Makefile
config.status:735: creating cim.spec
config.status:735: creating src/Makefile
config.status:735: creating lib/Makefile
config.status:735: creating test/Makefile
config.status:735: creating man/Makefile
config.status:735: creating doc/Makefile
config.status:735: creating util/Makefile
config.status:735: creating util/cim2latex
config.status:735: creating util/cim2ps
config.status:735: creating util/cimindent
config.status:839: creating config.h
config.status:1257: executing depfiles commands
config.status:1257: executing default commands

## ---------------- ##
## Cache variables. ##
## ---------------- ##

ac_cv_build=i686-pc-linux-gnu
ac_cv_build_alias=i686-pc-linux-gnu
ac_cv_c_bigendian=no
ac_cv_c_char_unsigned=no
ac_cv_c_compiler_gnu=yes
ac_cv_cxx_compiler_gnu=no
ac_cv_env_CC_set=
ac_cv_env_CC_value=
ac_cv_env_CFLAGS_set=
ac_cv_env_CFLAGS_value=
ac_cv_env_CPPFLAGS_set=
ac_cv_env_CPPFLAGS_value=
ac_cv_env_CPP_set=
ac_cv_env_CPP_value=
ac_cv_env_CXXCPP_set=
ac_cv_env_CXXCPP_value=
ac_cv_env_CXXFLAGS_set=
ac_cv_env_CXXFLAGS_value=
ac_cv_env_CXX_set=
ac_cv_env_CXX_value=
ac_cv_env_F77_set=
ac_cv_env_F77_value=
ac_cv_env_FFLAGS_set=
ac_cv_env_FFLAGS_value=
ac_cv_env_LDFLAGS_set=
ac_cv_env_LDFLAGS_value=
ac_cv_env_build_alias_set=
ac_cv_env_build_alias_value=
ac_cv_env_host_alias_set=
ac_cv_env_host_alias_value=
ac_cv_env_target_alias_set=
ac_cv_env_target_alias_value=
ac_cv_exeext=
ac_cv_f77_compiler_gnu=no
ac_cv_func_alloca_works=yes
ac_cv_func_getdomainname=yes
ac_cv_func_getegid=yes
ac_cv_func_gethostname=yes
ac_cv_func_getpid=yes
ac_cv_func_getrusage=yes
ac_cv_func_gettimeofday=yes
ac_cv_func_getuid=yes
ac_cv_func_time=yes
ac_cv_func_times=yes
ac_cv_func_uname=yes
ac_cv_func_unlink=yes
ac_cv_header_dlfcn_h=yes
ac_cv_header_fcntl_h=yes
ac_cv_header_inttypes_h=yes
ac_cv_header_limits_h=yes
ac_cv_header_malloc_h=yes
ac_cv_header_memory_h=yes
ac_cv_header_signal_h=yes
ac_cv_header_stdc=yes
ac_cv_header_stdint_h=yes
ac_cv_header_stdlib_h=yes
ac_cv_header_string_h=yes
ac_cv_header_strings_h=yes
ac_cv_header_sys_resource_h=yes
ac_cv_header_sys_stat_h=yes
ac_cv_header_sys_time_h=yes
ac_cv_header_sys_times_h=yes
ac_cv_header_sys_types_h=yes
ac_cv_header_sys_utsname_h=yes
ac_cv_header_time=yes
ac_cv_header_unistd_h=yes
ac_cv_header_values_h=yes
ac_cv_host=i686-pc-linux-gnu
ac_cv_host_alias=i686-pc-linux-gnu
ac_cv_lib_ft_main=no
ac_cv_lib_m_main=yes
ac_cv_objext=o
ac_cv_path_PERL=/usr/bin/perl
ac_cv_path_install='/usr/bin/install -c'
ac_cv_prog_AWK=mawk
ac_cv_prog_CPP='gcc -E'
ac_cv_prog_ac_ct_AR=ar
ac_cv_prog_ac_ct_CC=gcc
ac_cv_prog_ac_ct_RANLIB=ranlib
ac_cv_prog_ac_ct_STRIP=strip
ac_cv_prog_cc_g=yes
ac_cv_prog_cc_stdc=
ac_cv_prog_cxx_g=no
ac_cv_prog_egrep='grep -E'
ac_cv_prog_f77_g=no
ac_cv_prog_make_make_set=yes
ac_cv_sizeof_int=4
ac_cv_sizeof_long=4
ac_cv_struct_tm=time.h
ac_cv_target=i686-pc-linux-gnu
ac_cv_target_alias=i686-pc-linux-gnu
ac_cv_type_int=yes
ac_cv_type_long=yes
ac_cv_type_signal=void
ac_cv_working_alloca_h=yes
am_cv_CC_dependencies_compiler_type=gcc3
am_cv_CXX_dependencies_compiler_type=none
cim_cv_alignment=8
cim_cv_binary_file=no
cim_cv_dynmemsizekb=512
cim_cv_float_ieee=yes
cim_cv_float_vax=no
cim_cv_input_line_length=80
cim_cv_iso_latin=yes
cim_cv_lines_per_page=60
cim_cv_link_static_flag=-static
cim_cv_max_double=DBL_MAX
cim_cv_min_double=DBL_MIN
cim_cv_output_line_length=80
cim_cv_pic_flag=' -fPIC -DPIC'
cim_cv_sigbus=yes
cim_cv_sigfpe=yes
cim_cv_sigill=yes
cim_cv_sigsegv=yes
cim_cv_sigsys=yes
cim_cv_sigtrap=yes
cim_cv_wl_flag=-Wl,
lt_cv_deplibs_check_method=pass_all
lt_cv_file_magic_cmd='$MAGIC_CMD'
lt_cv_file_magic_test_file=
lt_cv_ld_reload_flag=-r
lt_cv_objdir=.libs
lt_cv_path_LD=/usr/bin/ld
lt_cv_path_NM='/usr/bin/nm -B'
lt_cv_path_SED=/bin/sed
lt_cv_prog_compiler_c_o=yes
lt_cv_prog_compiler_rtti_exceptions=no
lt_cv_prog_gnu_ld=yes
lt_cv_sys_global_symbol_pipe='sed -n -e '\''s/^.*[ 	]\([ABCDGIRSTW][ABCDGIRSTW]*\)[ 	][ 	]*\([_A-Za-z][_A-Za-z0-9]*\)$/\1 \2 \2/p'\'''
lt_cv_sys_global_symbol_to_c_name_address='sed -n -e '\''s/^: \([^ ]*\) $/  {\"\1\", (lt_ptr) 0},/p'\'' -e '\''s/^[BCDEGRST] \([^ ]*\) \([^ ]*\)$/  {"\2", (lt_ptr) \&\2},/p'\'''
lt_cv_sys_global_symbol_to_cdecl='sed -n -e '\''s/^. .* \(.*\)$/extern int \1;/p'\'''
lt_cv_sys_max_cmd_len=32768
lt_lt_cv_prog_compiler_c_o='"yes"'
lt_lt_cv_sys_global_symbol_pipe='"sed -n -e '\''s/^.*[ 	]\\([ABCDGIRSTW][ABCDGIRSTW]*\\)[ 	][ 	]*\\([_A-Za-z][_A-Za-z0-9]*\\)\$/\\1 \\2 \\2/p'\''"'
lt_lt_cv_sys_global_symbol_to_c_name_address='"sed -n -e '\''s/^: \\([^ ]*\\) \$/  {\\\"\\1\\\", (lt_ptr) 0},/p'\'' -e '\''s/^[BCDEGRST] \\([^ ]*\\) \\([^ ]*\\)\$/  {\"\\2\", (lt_ptr) \\&\\2},/p'\''"'
lt_lt_cv_sys_global_symbol_to_cdecl='"sed -n -e '\''s/^. .* \\(.*\\)\$/extern int \\1;/p'\''"'

## ----------------- ##
## Output variables. ##
## ----------------- ##

ACLOCAL='aclocal-1.9'
ALLOCA=''
AMDEPBACKSLASH='\'
AMDEP_FALSE='#'
AMDEP_TRUE=''
AMTAR='tar'
AR='ar'
AUTOCONF='autoconf'
AUTOHEADER='autoheader'
AUTOMAKE='automake-1.9'
AWK='mawk'
CC='gcc'
CCDEPMODE='depmode=gcc3'
CFLAGS='-g -O2'
CPP='gcc -E'
CPPFLAGS=''
CXX='g++'
CXXCPP=''
CXXDEPMODE='depmode=none'
CXXFLAGS=''
CYGPATH_W='echo'
DEFS='-DHAVE_CONFIG_H'
DEPDIR='.deps'
ECHO='echo'
ECHO_C=''
ECHO_N='-n'
ECHO_T=''
EGREP='grep -E'
EXEEXT=''
F77=''
FFLAGS=''
INSTALL_DATA='${INSTALL} -m 644'
INSTALL_PROGRAM='${INSTALL}'
INSTALL_SCRIPT='${INSTALL}'
INSTALL_STRIP_PROGRAM='${SHELL} $(install_sh) -c -s'
LDFLAGS=''
LIBOBJS=''
LIBS='-lm '
LIBTOOL='$(SHELL) $(top_builddir)/libtool'
LIB_AGE='0'
LIB_CURRENT='3'
LIB_REVISION='0'
LN_S='ln -s'
LTLIBOBJS=''
MAKEINFO='makeinfo'
OBJEXT='o'
PACKAGE='cim'
PACKAGE_BUGREPORT=''
PACKAGE_NAME=''
PACKAGE_STRING=''
PACKAGE_TARNAME=''
PACKAGE_VERSION='cim-3.37'
PATH_SEPARATOR=':'
PERL='/usr/bin/perl'
RANLIB='ranlib'
SET_MAKE=''
SHELL='/bin/bash'
STRIP='strip'
VERSION='3.37'
YACC='yacc'
ac_ct_AR='ar'
ac_ct_CC='gcc'
ac_ct_CXX='g++'
ac_ct_F77=''
ac_ct_RANLIB='ranlib'
ac_ct_STRIP='strip'
am__fastdepCC_FALSE='#'
am__fastdepCC_TRUE=''
am__fastdepCXX_FALSE=''
am__fastdepCXX_TRUE='#'
am__include='include'
am__leading_dot='.'
am__quote=''
am__tar='${AMTAR} chof - "$$tardir"'
am__untar='${AMTAR} xf -'
bindir='${exec_prefix}/bin'
build='i686-pc-linux-gnu'
build_alias=''
build_cpu='i686'
build_os='linux-gnu'
build_vendor='pc'
datadir='${prefix}/share'
exec_prefix='${prefix}'
host='i686-pc-linux-gnu'
host_alias=''
host_cpu='i686'
host_os='linux-gnu'
host_vendor='pc'
includedir='${prefix}/include'
infodir='${prefix}/info'
install_sh='/home/erik/cim-3.37/install-sh'
libdir='${exec_prefix}/lib'
libexecdir='${exec_prefix}/libexec'
localstatedir='${prefix}/var'
mandir='${prefix}/man'
mkdir_p='mkdir -p --'
oldincludedir='/usr/include'
prefix='/usr/local'
program_transform_name='s,x,x,'
sbindir='${exec_prefix}/sbin'
sharedstatedir='${prefix}/com'
sysconfdir='${prefix}/etc'
target='i686-pc-linux-gnu'
target_alias=''
target_cpu='i686'
target_os='linux-gnu'
target_vendor='pc'

## ----------- ##
## confdefs.h. ##
## ----------- ##

#define ALIGNMENT 8
#define CPU_TYPE "I686"
#define DYNMEMSIZEKB 512
#define FLOAT_IEEE 1
#define HAVE_ALLOCA 1
#define HAVE_ALLOCA_H 1
#define HAVE_DLFCN_H 1
#define HAVE_FCNTL_H 1
#define HAVE_GETDOMAINNAME 1
#define HAVE_GETEGID 1
#define HAVE_GETHOSTNAME 1
#define HAVE_GETPID 1
#define HAVE_GETRUSAGE 1
#define HAVE_GETTIMEOFDAY 1
#define HAVE_GETUID 1
#define HAVE_INTTYPES_H 1
#define HAVE_LIBM 1
#define HAVE_LIMITS_H 1
#define HAVE_MALLOC_H 1
#define HAVE_MEMORY_H 1
#define HAVE_MEMORY_H 1
#define HAVE_SIGBUS 1
#define HAVE_SIGFPE 1
#define HAVE_SIGILL 1
#define HAVE_SIGNAL_H 1
#define HAVE_SIGSEGV 1
#define HAVE_SIGSYS 1
#define HAVE_SIGTRAP 1
#define HAVE_STDINT_H 1
#define HAVE_STDLIB_H 1
#define HAVE_STRINGS_H 1
#define HAVE_STRING_H 1
#define HAVE_STRING_H 1
#define HAVE_SYS_RESOURCE_H 1
#define HAVE_SYS_STAT_H 1
#define HAVE_SYS_TIMES_H 1
#define HAVE_SYS_TIME_H 1
#define HAVE_SYS_TYPES_H 1
#define HAVE_SYS_TYPES_H 1
#define HAVE_SYS_UTSNAME_H 1
#define HAVE_TIME 1
#define HAVE_TIMES 1
#define HAVE_UNAME 1
#define HAVE_UNISTD_H 1
#define HAVE_UNISTD_H 1
#define HAVE_UNLINK 1
#define HAVE_VALUES_H 1
#define INPUT_LINE_LENGTH 80
#define ISO_LATIN 1
#define LINES_PER_PAGE 60
#define LINK_STATIC_FLAG "-static"
#define MANUFACTURER "PC"
#define MAX_DOUBLE DBL_MAX
#define MIN_DOUBLE DBL_MIN
#define OS_TYPE "LINUX-GNU"
#define OS_TYPE_VERSION "LINUX-GNU"
#define OUTPUT_LINE_LENGTH 80
#define PACKAGE "cim"
#define PACKAGE_BUGREPORT ""
#define PACKAGE_NAME ""
#define PACKAGE_STRING ""
#define PACKAGE_TARNAME ""
#define PACKAGE_VERSION ""
#define PACKAGE_VERSION "cim-3.37"
#define PIC_FLAG " -fPIC -DPIC"
#define RETSIGTYPE void
#define SIZEOF_INT 4
#define SIZEOF_LONG 4
#define STDC_HEADERS 1
#define STDC_HEADERS 1
#define SYSTEM_TYPE "i686-pc-linux-gnu"
#define TIME_WITH_SYS_TIME 1
#define VERSION "3.37"
#define WL_FLAG "-Wl,"
#endif
#ifdef __cplusplus
void exit (int);

configure: exit 0
